c:\users\martynas\source\repos\myproject\myproject\debug\vc142.pdb
c:\users\martynas\source\repos\myproject\myproject\debug\vc142.idb
c:\users\martynas\source\repos\myproject\myproject\debug\triangle.obj
c:\users\martynas\source\repos\myproject\myproject\debug\texture.obj
c:\users\martynas\source\repos\myproject\myproject\debug\mesh.obj
c:\users\martynas\source\repos\myproject\myproject\debug\clipping.obj
c:\users\martynas\source\repos\myproject\myproject\debug\main.obj
c:\users\martynas\source\repos\myproject\myproject\debug\vector.obj
c:\users\martynas\source\repos\myproject\myproject\debug\upng.obj
c:\users\martynas\source\repos\myproject\myproject\debug\swap.obj
c:\users\martynas\source\repos\myproject\myproject\debug\matrix.obj
c:\users\martynas\source\repos\myproject\myproject\debug\light.obj
c:\users\martynas\source\repos\myproject\myproject\debug\camera.obj
c:\users\martynas\source\repos\myproject\myproject\debug\array.obj
c:\users\martynas\source\repos\myproject\myproject\debug\display.obj
c:\users\martynas\source\repos\myproject\debug\myproject.exe
c:\users\martynas\source\repos\myproject\myproject\debug\myproject.ilk
c:\users\martynas\source\repos\myproject\debug\myproject.pdb
c:\users\martynas\source\repos\myproject\myproject\debug\myproject.tlog\cl.command.1.tlog
c:\users\martynas\source\repos\myproject\myproject\debug\myproject.tlog\cl.read.1.tlog
c:\users\martynas\source\repos\myproject\myproject\debug\myproject.tlog\cl.write.1.tlog
c:\users\martynas\source\repos\myproject\myproject\debug\myproject.tlog\link.command.1.tlog
c:\users\martynas\source\repos\myproject\myproject\debug\myproject.tlog\link.read.1.tlog
c:\users\martynas\source\repos\myproject\myproject\debug\myproject.tlog\link.write.1.tlog
